09:25:00.534 [main] INFO  testCases.TC_LF_002_LoginTest - ***** Starting TC_LF_002_LoginTest *****
09:25:03.041 [main] INFO  testCases.TC_LF_002_LoginTest - Login Successful
09:25:03.107 [main] INFO  testCases.TC_LF_002_LoginTest - ***** Finished TC_LF_002_LoginTest *****
10:09:21.843 [main] DEBUG org.testng.TestNG - suiteXmlPath: "G:\Software Testing\SelWebdriver_workspace\OpencartV18\master.xml"
10:09:28.726 [main] INFO  testCases.TC_RF_001_AccountRegistration - ***** Starting TC_RF_001_AccountRegistration *****
10:09:28.726 [main] DEBUG testCases.TC_RF_001_AccountRegistration - This is a debug log message
10:09:29.156 [main] INFO  testCases.TC_RF_001_AccountRegistration - Clicked on MyAccount link...
10:09:30.057 [main] INFO  testCases.TC_RF_001_AccountRegistration - Clicked on Register link...
10:09:30.060 [main] INFO  testCases.TC_RF_001_AccountRegistration - Providing customer details...
10:09:32.344 [main] INFO  testCases.TC_RF_001_AccountRegistration -  Validating expected message...
10:09:32.348 [main] INFO  testCases.TC_RF_001_AccountRegistration - Test Passed
10:09:32.349 [main] INFO  testCases.TC_RF_001_AccountRegistration - ***** Finished TC_RF_001_AccountRegistration *****
10:09:36.427 [main] INFO  testCases.TC_LF_002_LoginTest - ***** Starting TC_LF_002_LoginTest *****
10:09:38.421 [main] INFO  testCases.TC_LF_002_LoginTest - Login Successful
10:09:38.513 [main] INFO  testCases.TC_LF_002_LoginTest - ***** Finished TC_LF_002_LoginTest *****
10:27:45.546 [main] DEBUG org.testng.TestNG - suiteXmlPath: "G:\Software Testing\SelWebdriver_workspace\OpencartV18\master.xml"
10:27:53.863 [main] INFO  testCases.TC_RF_001_AccountRegistration - ***** Starting TC_RF_001_AccountRegistration *****
10:27:53.864 [main] DEBUG testCases.TC_RF_001_AccountRegistration - This is a debug log message
10:27:54.305 [main] INFO  testCases.TC_RF_001_AccountRegistration - Clicked on MyAccount link...
10:27:55.307 [main] INFO  testCases.TC_RF_001_AccountRegistration - Clicked on Register link...
10:27:55.309 [main] INFO  testCases.TC_RF_001_AccountRegistration - Providing customer details...
10:27:57.663 [main] INFO  testCases.TC_RF_001_AccountRegistration -  Validating expected message...
10:27:57.666 [main] INFO  testCases.TC_RF_001_AccountRegistration - Test Passed
10:27:57.667 [main] INFO  testCases.TC_RF_001_AccountRegistration - ***** Finished TC_RF_001_AccountRegistration *****
10:28:01.692 [main] INFO  testCases.TC_LF_002_LoginTest - ***** Starting TC_LF_002_LoginTest *****
10:28:04.070 [main] INFO  testCases.TC_LF_002_LoginTest - Login Successful
10:28:04.125 [main] INFO  testCases.TC_LF_002_LoginTest - ***** Finished TC_LF_002_LoginTest *****
