13:47:59.925 [main] INFO  testCases.TC_RF_001_AccountRegistration - ***** Starting TC_RF_001_AccountRegistration *****
13:47:59.939 [main] DEBUG testCases.TC_RF_001_AccountRegistration - This is a debug log message
13:48:00.728 [main] INFO  testCases.TC_RF_001_AccountRegistration - Clicked on MyAccount link...
13:48:01.800 [main] INFO  testCases.TC_RF_001_AccountRegistration - Clicked on Register link...
13:48:01.804 [main] INFO  testCases.TC_RF_001_AccountRegistration - Providing customer details...
13:48:09.482 [main] INFO  testCases.TC_RF_001_AccountRegistration -  Validating expected message...
13:48:09.855 [main] INFO  testCases.TC_RF_001_AccountRegistration - Test Passed
13:48:09.856 [main] INFO  testCases.TC_RF_001_AccountRegistration - ***** Finished TC_RF_001_AccountRegistration *****
13:48:36.314 [main] INFO  testCases.TC_LF_002_LoginTest - ***** Starting TC_LF_002_LoginTest *****
13:48:45.017 [main] INFO  testCases.TC_LF_002_LoginTest - Login Successful
13:48:45.340 [main] INFO  testCases.TC_LF_002_LoginTest - ***** Finished TC_LF_002_LoginTest *****
13:50:02.663 [main] INFO  testCases.TC_RF_001_AccountRegistration - ***** Starting TC_RF_001_AccountRegistration *****
13:50:02.663 [main] DEBUG testCases.TC_RF_001_AccountRegistration - This is a debug log message
13:50:03.197 [main] INFO  testCases.TC_RF_001_AccountRegistration - Clicked on MyAccount link...
13:50:04.261 [main] INFO  testCases.TC_RF_001_AccountRegistration - Clicked on Register link...
13:50:04.262 [main] INFO  testCases.TC_RF_001_AccountRegistration - Providing customer details...
13:50:07.276 [main] INFO  testCases.TC_RF_001_AccountRegistration -  Validating expected message...
13:50:07.277 [main] INFO  testCases.TC_RF_001_AccountRegistration - Test Passed
13:50:07.278 [main] INFO  testCases.TC_RF_001_AccountRegistration - ***** Finished TC_RF_001_AccountRegistration *****
13:50:15.994 [main] INFO  testCases.TC_LF_002_LoginTest - ***** Starting TC_LF_002_LoginTest *****
13:50:20.138 [main] INFO  testCases.TC_LF_002_LoginTest - Login Successful
13:50:20.456 [main] INFO  testCases.TC_LF_002_LoginTest - ***** Finished TC_LF_002_LoginTest *****
08:55:57.620 [main] DEBUG org.testng.TestNG - suiteXmlPath: "G:\Software Testing\SelWebdriver_workspace\OpencartV18\master.xml"
09:19:48.507 [main] DEBUG org.testng.TestNG - suiteXmlPath: "G:\Software Testing\SelWebdriver_workspace\OpencartV18\master.xml"
09:21:58.662 [main] DEBUG org.testng.TestNG - suiteXmlPath: "G:\Software Testing\SelWebdriver_workspace\OpencartV18\master.xml"
09:21:59.659 [main] INFO  org.testng.internal.Utils - [TestNG] Running:
  G:\Software Testing\SelWebdriver_workspace\OpencartV18\master.xml

09:23:42.998 [main] DEBUG org.testng.TestNG - suiteXmlPath: "G:\Software Testing\SelWebdriver_workspace\OpencartV18\master.xml"
09:23:43.947 [main] INFO  org.testng.internal.Utils - [TestNG] Running:
  G:\Software Testing\SelWebdriver_workspace\OpencartV18\master.xml

09:24:01.408 [main] INFO  testCases.TC_RF_001_AccountRegistration - ***** Starting TC_RF_001_AccountRegistration *****
09:24:01.409 [main] DEBUG testCases.TC_RF_001_AccountRegistration - This is a debug log message
09:24:01.888 [main] INFO  testCases.TC_RF_001_AccountRegistration - Clicked on MyAccount link...
09:24:02.755 [main] INFO  testCases.TC_RF_001_AccountRegistration - Clicked on Register link...
09:24:02.758 [main] INFO  testCases.TC_RF_001_AccountRegistration - Providing customer details...
09:24:04.880 [main] INFO  testCases.TC_RF_001_AccountRegistration -  Validating expected message...
09:24:04.883 [main] INFO  testCases.TC_RF_001_AccountRegistration - Test Passed
09:24:04.884 [main] INFO  testCases.TC_RF_001_AccountRegistration - ***** Finished TC_RF_001_AccountRegistration *****
09:24:09.361 [main] INFO  testCases.TC_LF_002_LoginTest - ***** Starting TC_LF_002_LoginTest *****
09:24:11.799 [main] INFO  testCases.TC_LF_002_LoginTest - Login Successful
09:24:11.869 [main] INFO  testCases.TC_LF_002_LoginTest - ***** Finished TC_LF_002_LoginTest *****
09:24:46.128 [main] DEBUG org.testng.TestNG - suiteXmlPath: "G:\Software Testing\SelWebdriver_workspace\OpencartV18\master.xml"
09:24:52.724 [main] INFO  testCases.TC_RF_001_AccountRegistration - ***** Starting TC_RF_001_AccountRegistration *****
09:24:52.724 [main] DEBUG testCases.TC_RF_001_AccountRegistration - This is a debug log message
09:24:53.001 [main] INFO  testCases.TC_RF_001_AccountRegistration - Clicked on MyAccount link...
09:24:54.034 [main] INFO  testCases.TC_RF_001_AccountRegistration - Clicked on Register link...
09:24:54.038 [main] INFO  testCases.TC_RF_001_AccountRegistration - Providing customer details...
09:24:56.059 [main] INFO  testCases.TC_RF_001_AccountRegistration -  Validating expected message...
09:24:56.062 [main] INFO  testCases.TC_RF_001_AccountRegistration - Test Passed
09:24:56.062 [main] INFO  testCases.TC_RF_001_AccountRegistration - ***** Finished TC_RF_001_AccountRegistration *****
